Copyright 1986-2018 Xilinx, Inc. All Rights Reserved.
------------------------------------------------------------------------------------
| Tool Version : Vivado v.2018.2 (win64) Build 2258646 Thu Jun 14 20:03:12 MDT 2018
| Date         : Tue Jul 30 11:32:10 2024
| Host         : Abdelrahman running 64-bit major release  (build 9200)
| Command      : report_control_sets -verbose -file DSP48A1_control_sets_placed.rpt
| Design       : DSP48A1
| Device       : xc7a200t
------------------------------------------------------------------------------------

Control Set Information

Table of Contents
-----------------
1. Summary
2. Histogram
3. Flip-Flop Distribution
4. Detailed Control Set Information

1. Summary
----------

+----------------------------------------------------------+-------+
|                          Status                          | Count |
+----------------------------------------------------------+-------+
| Number of unique control sets                            |     7 |
| Unused register locations in slices containing registers |    14 |
+----------------------------------------------------------+-------+


2. Histogram
------------

+--------+--------------+
| Fanout | Control Sets |
+--------+--------------+
|      6 |            1 |
|     12 |            1 |
|    16+ |            5 |
+--------+--------------+


3. Flip-Flop Distribution
-------------------------

+--------------+-----------------------+------------------------+-----------------+--------------+
| Clock Enable | Synchronous Set/Reset | Asynchronous Set/Reset | Total Registers | Total Slices |
+--------------+-----------------------+------------------------+-----------------+--------------+
| No           | No                    | No                     |               0 |            0 |
| No           | No                    | Yes                    |               0 |            0 |
| No           | Yes                   | No                     |               0 |            0 |
| Yes          | No                    | No                     |               0 |            0 |
| Yes          | No                    | Yes                    |               0 |            0 |
| Yes          | Yes                   | No                     |             354 |           54 |
+--------------+-----------------------+------------------------+-----------------+--------------+


4. Detailed Control Set Information
-----------------------------------

+----------------+----------------+------------------+------------------+----------------+
|  Clock Signal  |  Enable Signal | Set/Reset Signal | Slice Load Count | Bel Load Count |
+----------------+----------------+------------------+------------------+----------------+
|  CLK_IBUF_BUFG | CECARRYIN_IBUF | RSTCARRYIN_IBUF  |                1 |              6 |
|  CLK_IBUF_BUFG | CEOPMODE_IBUF  | RSTOPMODE_IBUF   |                2 |             12 |
|  CLK_IBUF_BUFG | CED_IBUF       | RSTD_IBUF        |                3 |             36 |
|  CLK_IBUF_BUFG | CEA_IBUF       | RSTA_IBUF        |                5 |             36 |
|  CLK_IBUF_BUFG | CEB_IBUF       | RSTB_IBUF        |               16 |             72 |
|  CLK_IBUF_BUFG | CEC_IBUF       | RSTC_IBUF        |               15 |             96 |
|  CLK_IBUF_BUFG | CEP_IBUF       | RSTP_IBUF        |               12 |             96 |
+----------------+----------------+------------------+------------------+----------------+


